[0.013s] Invoking command in '/home/syx/ros2_ws/src/build/go1_description': CMAKE_PREFIX_PATH=/opt/ros/humble /usr/bin/cmake /home/syx/ros2_ws/src/go1_sim/go1_description -DCMAKE_INSTALL_PREFIX=/home/syx/ros2_ws/src/install/go1_description
[0.199s] -- The C compiler identification is GNU 11.4.0
[0.199s] -- The CXX compiler identification is GNU 11.4.0
[0.199s] -- Detecting C compiler ABI info
[0.199s] -- Detecting C compiler ABI info - done
[0.199s] -- Check for working C compiler: /usr/bin/cc - skipped
[0.199s] -- Detecting C compile features
[0.199s] -- Detecting C compile features - done
[0.200s] -- Detecting CXX compiler ABI info
[0.241s] -- Detecting CXX compiler ABI info - done
[0.248s] -- Check for working CXX compiler: /usr/bin/c++ - skipped
[0.248s] -- Detecting CXX compile features
[0.248s] -- Detecting CXX compile features - done
[0.252s] -- Found ament_cmake: 1.3.11 (/opt/ros/humble/share/ament_cmake/cmake)
[0.366s] -- Found Python3: /usr/bin/python3 (found version "3.10.12") found components: Interpreter 
[0.436s] -- Found ament_lint_auto: 0.12.11 (/opt/ros/humble/share/ament_lint_auto/cmake)
[0.438s] -- Found urdf: 2.6.1 (/opt/ros/humble/share/urdf/cmake)
[0.480s] -- Found xacro: 2.0.8 (/opt/ros/humble/share/xacro/cmake)
[0.482s] -- Found robot_state_publisher: 3.0.3 (/opt/ros/humble/share/robot_state_publisher/cmake)
[0.498s] -- Found rosidl_generator_c: 3.1.6 (/opt/ros/humble/share/rosidl_generator_c/cmake)
[0.501s] -- Found rosidl_adapter: 3.1.6 (/opt/ros/humble/share/rosidl_adapter/cmake)
[0.507s] -- Found rosidl_generator_cpp: 3.1.6 (/opt/ros/humble/share/rosidl_generator_cpp/cmake)
[0.515s] -- Using all available rosidl_typesupport_c: rosidl_typesupport_fastrtps_c;rosidl_typesupport_introspection_c
[0.525s] -- Using all available rosidl_typesupport_cpp: rosidl_typesupport_fastrtps_cpp;rosidl_typesupport_introspection_cpp
[0.572s] -- Found eigen3_cmake_module: 0.1.1 (/opt/ros/humble/share/eigen3_cmake_module/cmake)
[0.573s] -- Found Eigen3: TRUE (found version "3.4.0") 
[0.573s] -- Ensuring Eigen3 include directory is part of orocos-kdl CMake target
[0.600s] -- Found rmw_implementation_cmake: 6.1.2 (/opt/ros/humble/share/rmw_implementation_cmake/cmake)
[0.602s] -- Found rmw_fastrtps_cpp: 6.2.7 (/opt/ros/humble/share/rmw_fastrtps_cpp/cmake)
[0.619s] -- Found TinyXML2 via Config file: TinyXML2_DIR-NOTFOUND
[0.649s] -- Found OpenSSL: /usr/lib/x86_64-linux-gnu/libcrypto.so (found version "3.0.2")  
[0.651s] -- Found TinyXML2 via Config file: TinyXML2_DIR-NOTFOUND
[0.661s] -- Found FastRTPS: /opt/ros/humble/include  
[0.663s] -- Found TinyXML2 via Config file: TinyXML2_DIR-NOTFOUND
[0.669s] -- Found TinyXML2 via Config file: TinyXML2_DIR-NOTFOUND
[0.676s] -- Using RMW implementation 'rmw_fastrtps_cpp' as default
[0.685s] -- Looking for pthread.h
[0.737s] -- Looking for pthread.h - found
[0.737s] -- Performing Test CMAKE_HAVE_LIBC_PTHREAD
[0.785s] -- Performing Test CMAKE_HAVE_LIBC_PTHREAD - Success
[0.785s] -- Found Threads: TRUE  
[1.014s] -- Added test 'flake8' to check Python code syntax and style conventions
[1.015s] -- Added test 'lint_cmake' to check CMake code style
[1.016s] -- Added test 'pep257' to check Python code against some of the docstring style conventions in PEP 257
[1.018s] -- Added test 'xmllint' to check XML markup files
[1.019s] -- Configuring done
[1.023s] -- Generating done
[1.025s] -- Build files have been written to: /home/syx/ros2_ws/src/build/go1_description
[1.035s] Invoked command in '/home/syx/ros2_ws/src/build/go1_description' returned '0': CMAKE_PREFIX_PATH=/opt/ros/humble /usr/bin/cmake /home/syx/ros2_ws/src/go1_sim/go1_description -DCMAKE_INSTALL_PREFIX=/home/syx/ros2_ws/src/install/go1_description
[1.036s] Invoking command in '/home/syx/ros2_ws/src/build/go1_description': CMAKE_PREFIX_PATH=/opt/ros/humble /usr/bin/cmake --build /home/syx/ros2_ws/src/build/go1_description -- -j8 -l8
[1.063s] Invoked command in '/home/syx/ros2_ws/src/build/go1_description' returned '0': CMAKE_PREFIX_PATH=/opt/ros/humble /usr/bin/cmake --build /home/syx/ros2_ws/src/build/go1_description -- -j8 -l8
[1.069s] Invoking command in '/home/syx/ros2_ws/src/build/go1_description': CMAKE_PREFIX_PATH=/opt/ros/humble /usr/bin/cmake --install /home/syx/ros2_ws/src/build/go1_description
[1.073s] -- Install configuration: ""
[1.073s] -- Installing: /home/syx/ros2_ws/src/install/go1_description/share/go1_description//config
[1.074s] -- Installing: /home/syx/ros2_ws/src/install/go1_description/share/go1_description//config/jtc.yaml
[1.074s] -- Installing: /home/syx/ros2_ws/src/install/go1_description/share/go1_description//launch
[1.074s] -- Installing: /home/syx/ros2_ws/src/install/go1_description/share/go1_description//launch/go1_visualize.launch.py
[1.074s] -- Installing: /home/syx/ros2_ws/src/install/go1_description/share/go1_description//meshes
[1.074s] -- Installing: /home/syx/ros2_ws/src/install/go1_description/share/go1_description//meshes/hip.dae
[1.076s] -- Installing: /home/syx/ros2_ws/src/install/go1_description/share/go1_description//meshes/calf.dae
[1.079s] -- Installing: /home/syx/ros2_ws/src/install/go1_description/share/go1_description//meshes/trunk.dae
[1.131s] -- Installing: /home/syx/ros2_ws/src/install/go1_description/share/go1_description//meshes/thigh_mirror.dae
[1.132s] -- Installing: /home/syx/ros2_ws/src/install/go1_description/share/go1_description//meshes/thigh.dae
[1.134s] -- Installing: /home/syx/ros2_ws/src/install/go1_description/share/go1_description//meshes/ultraSound.dae
[1.134s] -- Installing: /home/syx/ros2_ws/src/install/go1_description/share/go1_description//meshes/depthCamera.dae
[1.134s] -- Installing: /home/syx/ros2_ws/src/install/go1_description/share/go1_description//rviz
[1.134s] -- Installing: /home/syx/ros2_ws/src/install/go1_description/share/go1_description//rviz/go1_vis.rviz
[1.135s] -- Installing: /home/syx/ros2_ws/src/install/go1_description/share/go1_description//urdf
[1.135s] -- Installing: /home/syx/ros2_ws/src/install/go1_description/share/go1_description//urdf/go1.urdf
[1.135s] -- Installing: /home/syx/ros2_ws/src/install/go1_description/share/go1_description//xacro
[1.135s] -- Installing: /home/syx/ros2_ws/src/install/go1_description/share/go1_description//xacro/ros2_control.xacro
[1.135s] -- Installing: /home/syx/ros2_ws/src/install/go1_description/share/go1_description//xacro/ultraSound.xacro
[1.135s] -- Installing: /home/syx/ros2_ws/src/install/go1_description/share/go1_description//xacro/robot.xacro
[1.135s] -- Installing: /home/syx/ros2_ws/src/install/go1_description/share/go1_description//xacro/gazebo.xacro
[1.135s] -- Installing: /home/syx/ros2_ws/src/install/go1_description/share/go1_description//xacro/transmission.xacro
[1.136s] -- Installing: /home/syx/ros2_ws/src/install/go1_description/share/go1_description//xacro/depthCamera.xacro
[1.136s] -- Installing: /home/syx/ros2_ws/src/install/go1_description/share/go1_description//xacro/leg.xacro
[1.136s] -- Installing: /home/syx/ros2_ws/src/install/go1_description/share/go1_description//xacro/lidar.xacro
[1.136s] -- Installing: /home/syx/ros2_ws/src/install/go1_description/share/go1_description//xacro/materials.xacro
[1.136s] -- Installing: /home/syx/ros2_ws/src/install/go1_description/share/go1_description//xacro/const.xacro
[1.136s] -- Installing: /home/syx/ros2_ws/src/install/go1_description/share/ament_index/resource_index/package_run_dependencies/go1_description
[1.136s] -- Installing: /home/syx/ros2_ws/src/install/go1_description/share/ament_index/resource_index/parent_prefix_path/go1_description
[1.137s] -- Installing: /home/syx/ros2_ws/src/install/go1_description/share/go1_description/environment/ament_prefix_path.sh
[1.137s] -- Installing: /home/syx/ros2_ws/src/install/go1_description/share/go1_description/environment/ament_prefix_path.dsv
[1.137s] -- Installing: /home/syx/ros2_ws/src/install/go1_description/share/go1_description/environment/path.sh
[1.137s] -- Installing: /home/syx/ros2_ws/src/install/go1_description/share/go1_description/environment/path.dsv
[1.137s] -- Installing: /home/syx/ros2_ws/src/install/go1_description/share/go1_description/local_setup.bash
[1.137s] -- Installing: /home/syx/ros2_ws/src/install/go1_description/share/go1_description/local_setup.sh
[1.137s] -- Installing: /home/syx/ros2_ws/src/install/go1_description/share/go1_description/local_setup.zsh
[1.137s] -- Installing: /home/syx/ros2_ws/src/install/go1_description/share/go1_description/local_setup.dsv
[1.137s] -- Installing: /home/syx/ros2_ws/src/install/go1_description/share/go1_description/package.dsv
[1.137s] -- Installing: /home/syx/ros2_ws/src/install/go1_description/share/ament_index/resource_index/packages/go1_description
[1.137s] -- Installing: /home/syx/ros2_ws/src/install/go1_description/share/go1_description/cmake/go1_descriptionConfig.cmake
[1.138s] -- Installing: /home/syx/ros2_ws/src/install/go1_description/share/go1_description/cmake/go1_descriptionConfig-version.cmake
[1.138s] -- Installing: /home/syx/ros2_ws/src/install/go1_description/share/go1_description/package.xml
[1.139s] Invoked command in '/home/syx/ros2_ws/src/build/go1_description' returned '0': CMAKE_PREFIX_PATH=/opt/ros/humble /usr/bin/cmake --install /home/syx/ros2_ws/src/build/go1_description
