[0.018s] Invoking command in '/home/syx/ros2_ws/build/go1_gazebo': CMAKE_PREFIX_PATH=${CMAKE_PREFIX_PATH}:/home/syx/ros2_ws/install/go1_navigation:/opt/ros/humble /usr/bin/cmake /home/syx/ros2_ws/src/go1_sim/go1_gazebo -DCMAKE_INSTALL_PREFIX=/home/syx/ros2_ws/install/go1_gazebo
[0.209s] -- The C compiler identification is GNU 11.4.0
[0.209s] -- The CXX compiler identification is GNU 11.4.0
[0.209s] -- Detecting C compiler ABI info
[0.209s] -- Detecting C compiler ABI info - done
[0.209s] -- Check for working C compiler: /usr/bin/cc - skipped
[0.210s] -- Detecting C compile features
[0.210s] -- Detecting C compile features - done
[0.210s] -- Detecting CXX compiler ABI info
[0.244s] -- Detecting CXX compiler ABI info - done
[0.253s] -- Check for working CXX compiler: /usr/bin/c++ - skipped
[0.253s] -- Detecting CXX compile features
[0.254s] -- Detecting CXX compile features - done
[0.256s] -- Found ament_cmake: 1.3.11 (/opt/ros/humble/share/ament_cmake/cmake)
[0.358s] -- Found Python3: /usr/bin/python3 (found version "3.10.12") found components: Interpreter 
[0.436s] -- Found rclpy: 3.3.15 (/opt/ros/humble/share/rclpy/cmake)
[0.438s] -- Found gazebo_ros: 3.7.0 (/opt/ros/humble/share/gazebo_ros/cmake)
[0.490s] -- Found rosidl_generator_c: 3.1.6 (/opt/ros/humble/share/rosidl_generator_c/cmake)
[0.495s] -- Found rosidl_adapter: 3.1.6 (/opt/ros/humble/share/rosidl_adapter/cmake)
[0.504s] -- Found rosidl_generator_cpp: 3.1.6 (/opt/ros/humble/share/rosidl_generator_cpp/cmake)
[0.518s] -- Using all available rosidl_typesupport_c: rosidl_typesupport_fastrtps_c;rosidl_typesupport_introspection_c
[0.537s] -- Using all available rosidl_typesupport_cpp: rosidl_typesupport_fastrtps_cpp;rosidl_typesupport_introspection_cpp
[0.592s] -- Found rmw_implementation_cmake: 6.1.2 (/opt/ros/humble/share/rmw_implementation_cmake/cmake)
[0.596s] -- Found rmw_cyclonedds_cpp: 1.3.4 (/opt/ros/humble/share/rmw_cyclonedds_cpp/cmake)
[0.627s] -- Using RMW implementation 'rmw_cyclonedds_cpp' as default
[0.638s] -- Looking for pthread.h
[0.693s] -- Looking for pthread.h - found
[0.693s] -- Performing Test CMAKE_HAVE_LIBC_PTHREAD
[0.744s] -- Performing Test CMAKE_HAVE_LIBC_PTHREAD - Success
[0.744s] -- Found Threads: TRUE  
[0.797s] -- Found PkgConfig: /usr/bin/pkg-config (found version "0.29.2") 
[0.797s] -- Checking for module 'bullet>=2.82'
[0.806s] --   Found bullet, version 3.05
[0.873s] -- Found fcl: /usr/include (found suitable version "0.7.0", minimum required is "0.5.0") 
[0.911s] -- Found assimp: /usr/include (found version "5.2.0") 
[0.938s] -- Found DART: /usr/include (Required is at least version "6.6") found components: dart 
[0.966s] -- Found Boost: /usr/lib/x86_64-linux-gnu/cmake/Boost-1.74.0/BoostConfig.cmake (found suitable version "1.74.0", minimum required is "1.40.0") found components: thread system filesystem program_options regex iostreams date_time 
[0.985s] -- Found Protobuf: /usr/lib/x86_64-linux-gnu/libprotobuf.so (found version "3.12.4") 
[0.989s] -- Looking for ignition-math6 -- found version 6.15.1
[0.996s] -- Searching for dependencies of ignition-math6
[0.997s] -- Looking for OGRE...
[0.998s] -- OGRE_PREFIX_WATCH changed.
[1.001s] -- Checking for module 'OGRE'
[1.010s] --   Found OGRE, version 1.9.0
[1.034s] -- Found Ogre Ghadamon (1.9.0)
[1.043s] -- Found OGRE: optimized;/usr/lib/x86_64-linux-gnu/libOgreMain.so;debug;/usr/lib/x86_64-linux-gnu/libOgreMain.so
[1.049s] -- Looking for OGRE_Paging...
[1.053s] -- Found OGRE_Paging: optimized;/usr/lib/x86_64-linux-gnu/libOgrePaging.so;debug;/usr/lib/x86_64-linux-gnu/libOgrePaging.so
[1.053s] -- Looking for OGRE_Terrain...
[1.057s] -- Found OGRE_Terrain: optimized;/usr/lib/x86_64-linux-gnu/libOgreTerrain.so;debug;/usr/lib/x86_64-linux-gnu/libOgreTerrain.so
[1.057s] -- Looking for OGRE_Property...
[1.061s] -- Found OGRE_Property: optimized;/usr/lib/x86_64-linux-gnu/libOgreProperty.so;debug;/usr/lib/x86_64-linux-gnu/libOgreProperty.so
[1.061s] -- Looking for OGRE_RTShaderSystem...
[1.064s] -- Found OGRE_RTShaderSystem: optimized;/usr/lib/x86_64-linux-gnu/libOgreRTShaderSystem.so;debug;/usr/lib/x86_64-linux-gnu/libOgreRTShaderSystem.so
[1.064s] -- Looking for OGRE_Volume...
[1.067s] -- Found OGRE_Volume: optimized;/usr/lib/x86_64-linux-gnu/libOgreVolume.so;debug;/usr/lib/x86_64-linux-gnu/libOgreVolume.so
[1.068s] -- Looking for OGRE_Overlay...
[1.071s] -- Found OGRE_Overlay: optimized;/usr/lib/x86_64-linux-gnu/libOgreOverlay.so;debug;/usr/lib/x86_64-linux-gnu/libOgreOverlay.so
[1.149s] -- Looking for ignition-math6 -- found version 6.15.1
[1.151s] -- Looking for ignition-transport8 -- found version 8.2.1
[1.151s] -- Searching for dependencies of ignition-transport8
[1.164s] -- Found Protobuf: /usr/lib/x86_64-linux-gnu/libprotobuf.so (found suitable version "3.12.4", minimum required is "3") 
[1.171s] -- Config-file not installed for ZeroMQ -- checking for pkg-config
[1.175s] -- Checking for module 'libzmq >= 4'
[1.184s] --   Found libzmq , version 4.3.4
[1.207s] -- Found ZeroMQ: TRUE (Required is at least version "4") 
[1.211s] -- Checking for module 'uuid'
[1.221s] --   Found uuid, version 2.37.2
[1.247s] -- Found UUID: TRUE  
[1.249s] -- Looking for ignition-msgs5 -- found version 5.8.1
[1.250s] -- Searching for dependencies of ignition-msgs5
[1.273s] -- Looking for ignition-math6 -- found version 6.15.1
[1.278s] -- Checking for module 'tinyxml2'
[1.289s] --   Found tinyxml2, version 9.0.0
[1.313s] -- Looking for ignition-msgs5 -- found version 5.8.1
[1.317s] -- Looking for ignition-common3 -- found version 3.14.0
[1.317s] -- Searching for dependencies of ignition-common3
[1.318s] -- Looking for dlfcn.h - found
[1.319s] -- Looking for libdl - found
[1.321s] -- Found DL: TRUE  
[1.336s] -- Found tinyobjloader: /usr/lib/x86_64-linux-gnu/cmake/tinyobjloader/tinyobjloader-config.cmake (found version "2.0.0") 
[1.337s] -- Searching for <ignition-common3> component [graphics]
[1.340s] -- Looking for ignition-common3-graphics -- found version 3.14.0
[1.340s] -- Searching for dependencies of ignition-common3-graphics
[1.341s] -- Looking for ignition-math6 -- found version 6.15.1
[1.345s] -- Looking for ignition-fuel_tools4 -- found version 4.4.0
[1.345s] -- Searching for dependencies of ignition-fuel_tools4
[1.415s] -- Found CURL: /usr/lib/x86_64-linux-gnu/libcurl.so (found version "7.81.0")  
[1.422s] -- Checking for module 'jsoncpp'
[1.431s] --   Found jsoncpp, version 1.9.5
[1.452s] -- Found JSONCPP: TRUE  
[1.456s] -- Checking for module 'libzip'
[1.464s] --   Found libzip, version 1.7.3
[1.486s] -- Found ZIP: TRUE  
[1.486s] -- Looking for ignition-common3 -- found version 3.14.0
[1.486s] -- Looking for ignition-math6 -- found version 6.15.1
[1.487s] -- Looking for ignition-msgs5 -- found version 5.8.1
[1.490s] -- Gazebo version: 11.14
[1.490s] -- Checking for module 'tbb'
[1.501s] --   Found tbb, version 2021.5.0
[1.524s] -- Found controller_manager: 2.46.0 (/opt/ros/humble/share/controller_manager/cmake)
[1.686s] -- Found gazebo_ros2_control: 0.4.10 (/opt/ros/humble/share/gazebo_ros2_control/cmake)
[1.704s] -- Found imu_sensor_broadcaster: 2.39.0 (/opt/ros/humble/share/imu_sensor_broadcaster/cmake)
[1.710s] -- Found parameter_traits: 0.3.9 (/opt/ros/humble/share/parameter_traits/cmake)
[1.726s] -- Found rosidl_default_generators: 1.2.0 (/opt/ros/humble/share/rosidl_default_generators/cmake)
[1.733s] -- Found ament_lint_auto: 0.12.11 (/opt/ros/humble/share/ament_lint_auto/cmake)
[1.791s] -- Added test 'flake8' to check Python code syntax and style conventions
[1.792s] -- Added test 'lint_cmake' to check CMake code style
[1.792s] -- Added test 'pep257' to check Python code against some of the docstring style conventions in PEP 257
[1.793s] -- Added test 'xmllint' to check XML markup files
[1.794s] -- Configuring done
[1.798s] -- Generating done
[1.802s] -- Build files have been written to: /home/syx/ros2_ws/build/go1_gazebo
[1.813s] Invoked command in '/home/syx/ros2_ws/build/go1_gazebo' returned '0': CMAKE_PREFIX_PATH=${CMAKE_PREFIX_PATH}:/home/syx/ros2_ws/install/go1_navigation:/opt/ros/humble /usr/bin/cmake /home/syx/ros2_ws/src/go1_sim/go1_gazebo -DCMAKE_INSTALL_PREFIX=/home/syx/ros2_ws/install/go1_gazebo
[1.814s] Invoking command in '/home/syx/ros2_ws/build/go1_gazebo': CMAKE_PREFIX_PATH=${CMAKE_PREFIX_PATH}:/home/syx/ros2_ws/install/go1_navigation:/opt/ros/humble /usr/bin/cmake --build /home/syx/ros2_ws/build/go1_gazebo -- -j8 -l8
[1.841s] Invoked command in '/home/syx/ros2_ws/build/go1_gazebo' returned '0': CMAKE_PREFIX_PATH=${CMAKE_PREFIX_PATH}:/home/syx/ros2_ws/install/go1_navigation:/opt/ros/humble /usr/bin/cmake --build /home/syx/ros2_ws/build/go1_gazebo -- -j8 -l8
[1.843s] Invoking command in '/home/syx/ros2_ws/build/go1_gazebo': CMAKE_PREFIX_PATH=${CMAKE_PREFIX_PATH}:/home/syx/ros2_ws/install/go1_navigation:/opt/ros/humble /usr/bin/cmake --install /home/syx/ros2_ws/build/go1_gazebo
[1.847s] -- Install configuration: ""
[1.847s] -- Installing: /home/syx/ros2_ws/install/go1_gazebo/share/go1_gazebo//launch
[1.848s] -- Installing: /home/syx/ros2_ws/install/go1_gazebo/share/go1_gazebo//launch/spawn_go1.launch.py
[1.848s] -- Installing: /home/syx/ros2_ws/install/go1_gazebo/share/go1_gazebo//launch/start_world.launch.py
[1.848s] -- Installing: /home/syx/ros2_ws/install/go1_gazebo/share/go1_gazebo//launch/controllers_go1.launch.py
[1.848s] -- Installing: /home/syx/ros2_ws/install/go1_gazebo/share/go1_gazebo//worlds
[1.848s] -- Installing: /home/syx/ros2_ws/install/go1_gazebo/share/go1_gazebo//worlds/simple_rooms.world
[1.848s] -- Installing: /home/syx/ros2_ws/install/go1_gazebo/share/go1_gazebo//worlds/building_editor_models
[1.848s] -- Installing: /home/syx/ros2_ws/install/go1_gazebo/share/go1_gazebo//worlds/building_editor_models/stairs
[1.848s] -- Installing: /home/syx/ros2_ws/install/go1_gazebo/share/go1_gazebo//worlds/building_editor_models/stairs/model.sdf
[1.849s] -- Installing: /home/syx/ros2_ws/install/go1_gazebo/share/go1_gazebo//worlds/building_editor_models/stairs/model.config
[1.849s] -- Installing: /home/syx/ros2_ws/install/go1_gazebo/share/go1_gazebo//worlds/test_latest.world
[1.849s] -- Installing: /home/syx/ros2_ws/install/go1_gazebo/share/ament_index/resource_index/package_run_dependencies/go1_gazebo
[1.849s] -- Installing: /home/syx/ros2_ws/install/go1_gazebo/share/ament_index/resource_index/parent_prefix_path/go1_gazebo
[1.849s] -- Installing: /home/syx/ros2_ws/install/go1_gazebo/share/go1_gazebo/environment/ament_prefix_path.sh
[1.849s] -- Installing: /home/syx/ros2_ws/install/go1_gazebo/share/go1_gazebo/environment/ament_prefix_path.dsv
[1.849s] -- Installing: /home/syx/ros2_ws/install/go1_gazebo/share/go1_gazebo/environment/path.sh
[1.849s] -- Installing: /home/syx/ros2_ws/install/go1_gazebo/share/go1_gazebo/environment/path.dsv
[1.850s] -- Installing: /home/syx/ros2_ws/install/go1_gazebo/share/go1_gazebo/local_setup.bash
[1.850s] -- Installing: /home/syx/ros2_ws/install/go1_gazebo/share/go1_gazebo/local_setup.sh
[1.850s] -- Installing: /home/syx/ros2_ws/install/go1_gazebo/share/go1_gazebo/local_setup.zsh
[1.850s] -- Installing: /home/syx/ros2_ws/install/go1_gazebo/share/go1_gazebo/local_setup.dsv
[1.850s] -- Installing: /home/syx/ros2_ws/install/go1_gazebo/share/go1_gazebo/package.dsv
[1.850s] -- Installing: /home/syx/ros2_ws/install/go1_gazebo/share/ament_index/resource_index/packages/go1_gazebo
[1.850s] -- Installing: /home/syx/ros2_ws/install/go1_gazebo/share/go1_gazebo/cmake/go1_gazeboConfig.cmake
[1.850s] -- Installing: /home/syx/ros2_ws/install/go1_gazebo/share/go1_gazebo/cmake/go1_gazeboConfig-version.cmake
[1.850s] -- Installing: /home/syx/ros2_ws/install/go1_gazebo/share/go1_gazebo/package.xml
[1.852s] Invoked command in '/home/syx/ros2_ws/build/go1_gazebo' returned '0': CMAKE_PREFIX_PATH=${CMAKE_PREFIX_PATH}:/home/syx/ros2_ws/install/go1_navigation:/opt/ros/humble /usr/bin/cmake --install /home/syx/ros2_ws/build/go1_gazebo
