[0.018s] Invoking command in '/home/syx/ros2_ws/build/go1_description': CMAKE_PREFIX_PATH=${CMAKE_PREFIX_PATH}:/home/syx/ros2_ws/install/go1_navigation:/opt/ros/humble /usr/bin/cmake /home/syx/ros2_ws/src/go1_sim/go1_description -DCMAKE_INSTALL_PREFIX=/home/syx/ros2_ws/install/go1_description
[0.211s] -- The C compiler identification is GNU 11.4.0
[0.211s] -- The CXX compiler identification is GNU 11.4.0
[0.211s] -- Detecting C compiler ABI info
[0.211s] -- Detecting C compiler ABI info - done
[0.211s] -- Check for working C compiler: /usr/bin/cc - skipped
[0.211s] -- Detecting C compile features
[0.211s] -- Detecting C compile features - done
[0.211s] -- Detecting CXX compiler ABI info
[0.252s] -- Detecting CXX compiler ABI info - done
[0.257s] -- Check for working CXX compiler: /usr/bin/c++ - skipped
[0.258s] -- Detecting CXX compile features
[0.258s] -- Detecting CXX compile features - done
[0.260s] -- Found ament_cmake: 1.3.11 (/opt/ros/humble/share/ament_cmake/cmake)
[0.360s] -- Found Python3: /usr/bin/python3 (found version "3.10.12") found components: Interpreter 
[0.438s] -- Found ament_lint_auto: 0.12.11 (/opt/ros/humble/share/ament_lint_auto/cmake)
[0.441s] -- Found urdf: 2.6.1 (/opt/ros/humble/share/urdf/cmake)
[0.502s] -- Found xacro: 2.0.8 (/opt/ros/humble/share/xacro/cmake)
[0.504s] -- Found robot_state_publisher: 3.0.3 (/opt/ros/humble/share/robot_state_publisher/cmake)
[0.531s] -- Found rosidl_generator_c: 3.1.6 (/opt/ros/humble/share/rosidl_generator_c/cmake)
[0.537s] -- Found rosidl_adapter: 3.1.6 (/opt/ros/humble/share/rosidl_adapter/cmake)
[0.546s] -- Found rosidl_generator_cpp: 3.1.6 (/opt/ros/humble/share/rosidl_generator_cpp/cmake)
[0.560s] -- Using all available rosidl_typesupport_c: rosidl_typesupport_fastrtps_c;rosidl_typesupport_introspection_c
[0.569s] -- Using all available rosidl_typesupport_cpp: rosidl_typesupport_fastrtps_cpp;rosidl_typesupport_introspection_cpp
[0.616s] -- Found eigen3_cmake_module: 0.1.1 (/opt/ros/humble/share/eigen3_cmake_module/cmake)
[0.617s] -- Found Eigen3: TRUE (found version "3.4.0") 
[0.617s] -- Ensuring Eigen3 include directory is part of orocos-kdl CMake target
[0.644s] -- Found rmw_implementation_cmake: 6.1.2 (/opt/ros/humble/share/rmw_implementation_cmake/cmake)
[0.647s] -- Found rmw_cyclonedds_cpp: 1.3.4 (/opt/ros/humble/share/rmw_cyclonedds_cpp/cmake)
[0.663s] -- Using RMW implementation 'rmw_cyclonedds_cpp' as default
[0.669s] -- Looking for pthread.h
[0.718s] -- Looking for pthread.h - found
[0.718s] -- Performing Test CMAKE_HAVE_LIBC_PTHREAD
[0.768s] -- Performing Test CMAKE_HAVE_LIBC_PTHREAD - Success
[0.769s] -- Found Threads: TRUE  
[0.970s] -- Added test 'flake8' to check Python code syntax and style conventions
[0.970s] -- Added test 'lint_cmake' to check CMake code style
[0.971s] -- Added test 'pep257' to check Python code against some of the docstring style conventions in PEP 257
[0.973s] -- Added test 'xmllint' to check XML markup files
[0.975s] -- Configuring done
[0.978s] -- Generating done
[0.979s] -- Build files have been written to: /home/syx/ros2_ws/build/go1_description
[0.986s] Invoked command in '/home/syx/ros2_ws/build/go1_description' returned '0': CMAKE_PREFIX_PATH=${CMAKE_PREFIX_PATH}:/home/syx/ros2_ws/install/go1_navigation:/opt/ros/humble /usr/bin/cmake /home/syx/ros2_ws/src/go1_sim/go1_description -DCMAKE_INSTALL_PREFIX=/home/syx/ros2_ws/install/go1_description
[0.987s] Invoking command in '/home/syx/ros2_ws/build/go1_description': CMAKE_PREFIX_PATH=${CMAKE_PREFIX_PATH}:/home/syx/ros2_ws/install/go1_navigation:/opt/ros/humble /usr/bin/cmake --build /home/syx/ros2_ws/build/go1_description -- -j8 -l8
[1.017s] Invoked command in '/home/syx/ros2_ws/build/go1_description' returned '0': CMAKE_PREFIX_PATH=${CMAKE_PREFIX_PATH}:/home/syx/ros2_ws/install/go1_navigation:/opt/ros/humble /usr/bin/cmake --build /home/syx/ros2_ws/build/go1_description -- -j8 -l8
[1.025s] Invoking command in '/home/syx/ros2_ws/build/go1_description': CMAKE_PREFIX_PATH=${CMAKE_PREFIX_PATH}:/home/syx/ros2_ws/install/go1_navigation:/opt/ros/humble /usr/bin/cmake --install /home/syx/ros2_ws/build/go1_description
[1.030s] -- Install configuration: ""
[1.030s] -- Installing: /home/syx/ros2_ws/install/go1_description/share/go1_description//config
[1.030s] -- Installing: /home/syx/ros2_ws/install/go1_description/share/go1_description//config/jtc.yaml
[1.031s] -- Installing: /home/syx/ros2_ws/install/go1_description/share/go1_description//launch
[1.031s] -- Installing: /home/syx/ros2_ws/install/go1_description/share/go1_description//launch/go1_visualize.launch.py
[1.031s] -- Installing: /home/syx/ros2_ws/install/go1_description/share/go1_description//meshes
[1.031s] -- Installing: /home/syx/ros2_ws/install/go1_description/share/go1_description//meshes/hip.dae
[1.034s] -- Installing: /home/syx/ros2_ws/install/go1_description/share/go1_description//meshes/calf.dae
[1.036s] -- Installing: /home/syx/ros2_ws/install/go1_description/share/go1_description//meshes/trunk.dae
[1.093s] -- Installing: /home/syx/ros2_ws/install/go1_description/share/go1_description//meshes/thigh_mirror.dae
[1.094s] -- Installing: /home/syx/ros2_ws/install/go1_description/share/go1_description//meshes/thigh.dae
[1.095s] -- Installing: /home/syx/ros2_ws/install/go1_description/share/go1_description//meshes/ultraSound.dae
[1.097s] -- Installing: /home/syx/ros2_ws/install/go1_description/share/go1_description//meshes/depthCamera.dae
[1.097s] -- Installing: /home/syx/ros2_ws/install/go1_description/share/go1_description//rviz
[1.097s] -- Installing: /home/syx/ros2_ws/install/go1_description/share/go1_description//rviz/go1_vis.rviz
[1.097s] -- Installing: /home/syx/ros2_ws/install/go1_description/share/go1_description//urdf
[1.097s] -- Installing: /home/syx/ros2_ws/install/go1_description/share/go1_description//urdf/go1.urdf
[1.098s] -- Installing: /home/syx/ros2_ws/install/go1_description/share/go1_description//xacro
[1.098s] -- Installing: /home/syx/ros2_ws/install/go1_description/share/go1_description//xacro/ros2_control.xacro
[1.098s] -- Installing: /home/syx/ros2_ws/install/go1_description/share/go1_description//xacro/ultraSound.xacro
[1.098s] -- Installing: /home/syx/ros2_ws/install/go1_description/share/go1_description//xacro/robot.xacro
[1.098s] -- Installing: /home/syx/ros2_ws/install/go1_description/share/go1_description//xacro/gazebo.xacro
[1.098s] -- Installing: /home/syx/ros2_ws/install/go1_description/share/go1_description//xacro/transmission.xacro
[1.098s] -- Installing: /home/syx/ros2_ws/install/go1_description/share/go1_description//xacro/depthCamera.xacro
[1.099s] -- Installing: /home/syx/ros2_ws/install/go1_description/share/go1_description//xacro/leg.xacro
[1.099s] -- Installing: /home/syx/ros2_ws/install/go1_description/share/go1_description//xacro/lidar.xacro
[1.099s] -- Installing: /home/syx/ros2_ws/install/go1_description/share/go1_description//xacro/materials.xacro
[1.099s] -- Installing: /home/syx/ros2_ws/install/go1_description/share/go1_description//xacro/const.xacro
[1.099s] -- Installing: /home/syx/ros2_ws/install/go1_description/share/ament_index/resource_index/package_run_dependencies/go1_description
[1.099s] -- Installing: /home/syx/ros2_ws/install/go1_description/share/ament_index/resource_index/parent_prefix_path/go1_description
[1.099s] -- Installing: /home/syx/ros2_ws/install/go1_description/share/go1_description/environment/ament_prefix_path.sh
[1.100s] -- Installing: /home/syx/ros2_ws/install/go1_description/share/go1_description/environment/ament_prefix_path.dsv
[1.100s] -- Installing: /home/syx/ros2_ws/install/go1_description/share/go1_description/environment/path.sh
[1.100s] -- Installing: /home/syx/ros2_ws/install/go1_description/share/go1_description/environment/path.dsv
[1.100s] -- Installing: /home/syx/ros2_ws/install/go1_description/share/go1_description/local_setup.bash
[1.100s] -- Installing: /home/syx/ros2_ws/install/go1_description/share/go1_description/local_setup.sh
[1.100s] -- Installing: /home/syx/ros2_ws/install/go1_description/share/go1_description/local_setup.zsh
[1.100s] -- Installing: /home/syx/ros2_ws/install/go1_description/share/go1_description/local_setup.dsv
[1.100s] -- Installing: /home/syx/ros2_ws/install/go1_description/share/go1_description/package.dsv
[1.100s] -- Installing: /home/syx/ros2_ws/install/go1_description/share/ament_index/resource_index/packages/go1_description
[1.101s] -- Installing: /home/syx/ros2_ws/install/go1_description/share/go1_description/cmake/go1_descriptionConfig.cmake
[1.101s] -- Installing: /home/syx/ros2_ws/install/go1_description/share/go1_description/cmake/go1_descriptionConfig-version.cmake
[1.101s] -- Installing: /home/syx/ros2_ws/install/go1_description/share/go1_description/package.xml
[1.103s] Invoked command in '/home/syx/ros2_ws/build/go1_description' returned '0': CMAKE_PREFIX_PATH=${CMAKE_PREFIX_PATH}:/home/syx/ros2_ws/install/go1_navigation:/opt/ros/humble /usr/bin/cmake --install /home/syx/ros2_ws/build/go1_description
