[0.513s] Invoking command in '/home/syx/ros2_ws/src/go1_sim/go1_navigation': PYTHONPATH=/home/syx/ros2_ws/build/go1_navigation/prefix_override:/usr/lib/python3/dist-packages/colcon_core/task/python/colcon_distutils_commands:/home/syx/ros2_ws/install/go1_navigation/lib/python3.10/site-packages:${PYTHONPATH} /usr/bin/python3 -W ignore:setup.py install is deprecated -W ignore:easy_install command is deprecated setup.py egg_info --egg-base ../../../build/go1_navigation build --build-base /home/syx/ros2_ws/build/go1_navigation/build install --record /home/syx/ros2_ws/build/go1_navigation/install.log --single-version-externally-managed install_data
[0.705s] running egg_info
[0.706s] creating ../../../build/go1_navigation/go1_navigation.egg-info
[0.706s] writing ../../../build/go1_navigation/go1_navigation.egg-info/PKG-INFO
[0.706s] writing dependency_links to ../../../build/go1_navigation/go1_navigation.egg-info/dependency_links.txt
[0.706s] writing entry points to ../../../build/go1_navigation/go1_navigation.egg-info/entry_points.txt
[0.706s] writing requirements to ../../../build/go1_navigation/go1_navigation.egg-info/requires.txt
[0.706s] writing top-level names to ../../../build/go1_navigation/go1_navigation.egg-info/top_level.txt
[0.706s] writing manifest file '../../../build/go1_navigation/go1_navigation.egg-info/SOURCES.txt'
[0.707s] reading manifest file '../../../build/go1_navigation/go1_navigation.egg-info/SOURCES.txt'
[0.708s] adding license file 'LICENSE'
[0.708s] writing manifest file '../../../build/go1_navigation/go1_navigation.egg-info/SOURCES.txt'
[0.708s] running build
[0.708s] running build_py
[0.708s] creating /home/syx/ros2_ws/build/go1_navigation/build
[0.708s] creating /home/syx/ros2_ws/build/go1_navigation/build/lib
[0.708s] creating /home/syx/ros2_ws/build/go1_navigation/build/lib/go1_navigation
[0.708s] copying go1_navigation/static_map_publisher.py -> /home/syx/ros2_ws/build/go1_navigation/build/lib/go1_navigation
[0.708s] copying go1_navigation/tf_publisher.py -> /home/syx/ros2_ws/build/go1_navigation/build/lib/go1_navigation
[0.708s] copying go1_navigation/__init__.py -> /home/syx/ros2_ws/build/go1_navigation/build/lib/go1_navigation
[0.709s] running install
[0.709s] running install_lib
[0.710s] creating /home/syx/ros2_ws/install/go1_navigation/lib/python3.10/site-packages/go1_navigation
[0.710s] copying /home/syx/ros2_ws/build/go1_navigation/build/lib/go1_navigation/static_map_publisher.py -> /home/syx/ros2_ws/install/go1_navigation/lib/python3.10/site-packages/go1_navigation
[0.710s] copying /home/syx/ros2_ws/build/go1_navigation/build/lib/go1_navigation/tf_publisher.py -> /home/syx/ros2_ws/install/go1_navigation/lib/python3.10/site-packages/go1_navigation
[0.710s] copying /home/syx/ros2_ws/build/go1_navigation/build/lib/go1_navigation/__init__.py -> /home/syx/ros2_ws/install/go1_navigation/lib/python3.10/site-packages/go1_navigation
[0.710s] byte-compiling /home/syx/ros2_ws/install/go1_navigation/lib/python3.10/site-packages/go1_navigation/static_map_publisher.py to static_map_publisher.cpython-310.pyc
[0.711s] byte-compiling /home/syx/ros2_ws/install/go1_navigation/lib/python3.10/site-packages/go1_navigation/tf_publisher.py to tf_publisher.cpython-310.pyc
[0.711s] byte-compiling /home/syx/ros2_ws/install/go1_navigation/lib/python3.10/site-packages/go1_navigation/__init__.py to __init__.cpython-310.pyc
[0.711s] running install_data
[0.711s] creating /home/syx/ros2_ws/install/go1_navigation/share/ament_index
[0.712s] creating /home/syx/ros2_ws/install/go1_navigation/share/ament_index/resource_index
[0.712s] creating /home/syx/ros2_ws/install/go1_navigation/share/ament_index/resource_index/packages
[0.712s] copying resource/go1_navigation -> /home/syx/ros2_ws/install/go1_navigation/share/ament_index/resource_index/packages
[0.712s] copying package.xml -> /home/syx/ros2_ws/install/go1_navigation/share/go1_navigation
[0.712s] copying launch/navigation.launch.py -> /home/syx/ros2_ws/install/go1_navigation/share/go1_navigation
[0.712s] creating /home/syx/ros2_ws/install/go1_navigation/share/go1_navigation/params
[0.712s] copying params/nav2_params.yaml -> /home/syx/ros2_ws/install/go1_navigation/share/go1_navigation/params
[0.712s] creating /home/syx/ros2_ws/install/go1_navigation/share/go1_navigation/xml
[0.712s] copying xml/go1_bt.xml -> /home/syx/ros2_ws/install/go1_navigation/share/go1_navigation/xml
[0.712s] creating /home/syx/ros2_ws/install/go1_navigation/share/go1_navigation/map
[0.712s] copying map/map.yaml -> /home/syx/ros2_ws/install/go1_navigation/share/go1_navigation/map
[0.712s] copying map/map.pgm -> /home/syx/ros2_ws/install/go1_navigation/share/go1_navigation/map
[0.712s] running install_egg_info
[0.714s] Copying ../../../build/go1_navigation/go1_navigation.egg-info to /home/syx/ros2_ws/install/go1_navigation/lib/python3.10/site-packages/go1_navigation-0.0.0-py3.10.egg-info
[0.714s] running install_scripts
[0.733s] Installing nav_tf_publisher script to /home/syx/ros2_ws/install/go1_navigation/lib/go1_navigation
[0.733s] Installing static_map_publisher script to /home/syx/ros2_ws/install/go1_navigation/lib/go1_navigation
[0.734s] writing list of installed files to '/home/syx/ros2_ws/build/go1_navigation/install.log'
[0.754s] Invoked command in '/home/syx/ros2_ws/src/go1_sim/go1_navigation' returned '0': PYTHONPATH=/home/syx/ros2_ws/build/go1_navigation/prefix_override:/usr/lib/python3/dist-packages/colcon_core/task/python/colcon_distutils_commands:/home/syx/ros2_ws/install/go1_navigation/lib/python3.10/site-packages:${PYTHONPATH} /usr/bin/python3 -W ignore:setup.py install is deprecated -W ignore:easy_install command is deprecated setup.py egg_info --egg-base ../../../build/go1_navigation build --build-base /home/syx/ros2_ws/build/go1_navigation/build install --record /home/syx/ros2_ws/build/go1_navigation/install.log --single-version-externally-managed install_data
